01:16:38 [INFO] UI message handler created
01:16:38 [INFO] Setting new state.
01:16:38 [INFO] Starting runtime.
01:16:38 [INFO] Runtime started
01:16:38 [INFO] Runtime started at: 2025-07-25 18:16:38.128408800 -07:00
01:16:42 [INFO] Incrementing counter.
01:16:42 [INFO] Updating counter to: 1
01:16:42 [INFO] Decrementing counter.
01:16:42 [INFO] Updating counter to: 0
01:16:43 [INFO] Incrementing counter.
01:16:43 [INFO] Updating counter to: 1
01:16:43 [INFO] Incrementing counter.
01:16:43 [INFO] Updating counter to: 2
01:16:43 [INFO] Incrementing counter.
01:16:43 [INFO] Updating counter to: 3
01:16:44 [INFO] Resetting counter.
01:16:44 [INFO] Updating counter to: 0
01:16:44 [INFO] Resetting counter.
01:16:44 [INFO] Updating counter to: 0
01:16:44 [INFO] Resetting counter.
01:16:44 [INFO] Updating counter to: 0
01:16:45 [INFO] Decrementing counter.
01:16:45 [INFO] Updating counter to: -1
01:16:45 [INFO] Decrementing counter.
01:16:45 [INFO] Updating counter to: -2
01:16:45 [INFO] Decrementing counter.
01:16:45 [INFO] Updating counter to: -3
01:16:46 [INFO] Incrementing counter.
01:16:46 [INFO] Updating counter to: -2
01:16:46 [INFO] Incrementing counter.
01:16:46 [INFO] Updating counter to: -1
01:16:46 [INFO] Incrementing counter.
01:16:46 [INFO] Updating counter to: 0
01:16:46 [INFO] Incrementing counter.
01:16:46 [INFO] Updating counter to: 1
01:16:46 [INFO] Incrementing counter.
01:16:46 [INFO] Updating counter to: 2
01:16:47 [INFO] Incrementing counter.
01:16:47 [INFO] Updating counter to: 3
01:16:47 [INFO] Incrementing counter.
01:16:47 [INFO] Updating counter to: 4
01:16:47 [INFO] Incrementing counter.
01:16:47 [INFO] Updating counter to: 5
01:16:47 [INFO] Resetting counter.
01:16:47 [INFO] Updating counter to: 0
01:16:48 [INFO] Resetting counter.
01:16:48 [INFO] Updating counter to: 0
01:16:48 [INFO] Resetting counter.
01:16:48 [INFO] Updating counter to: 0
01:16:48 [INFO] Resetting counter.
01:16:48 [INFO] Updating counter to: 0
01:16:48 [INFO] Decrementing counter.
01:16:48 [INFO] Updating counter to: -1
01:16:49 [INFO] Decrementing counter.
01:16:49 [INFO] Updating counter to: -2
01:16:49 [INFO] Decrementing counter.
01:16:49 [INFO] Updating counter to: -3
01:16:49 [INFO] Decrementing counter.
01:16:49 [INFO] Updating counter to: -4
01:16:49 [INFO] Decrementing counter.
01:16:49 [INFO] Updating counter to: -5
01:16:49 [INFO] Decrementing counter.
01:16:49 [INFO] Updating counter to: -6
01:16:50 [INFO] Incrementing counter.
01:16:50 [INFO] Updating counter to: -5
01:16:50 [INFO] Incrementing counter.
01:16:50 [INFO] Updating counter to: -4
01:16:50 [INFO] Incrementing counter.
01:16:50 [INFO] Updating counter to: -3
01:16:50 [INFO] Incrementing counter.
01:16:50 [INFO] Updating counter to: -2
01:16:51 [INFO] Stopping runtime.
01:16:51 [INFO] Runtime stopped
01:16:54 [INFO] Starting runtime.
01:16:54 [INFO] Runtime started
01:16:55 [INFO] Stopping runtime.
01:16:55 [INFO] Runtime stopped
01:16:56 [INFO] Starting runtime.
01:16:56 [INFO] Runtime started
01:16:57 [INFO] Stopping runtime.
01:16:57 [INFO] Runtime stopped
01:16:58 [INFO] Starting runtime.
01:16:58 [INFO] Runtime started
01:17:00 [INFO] Stopping runtime.
01:17:00 [INFO] Runtime stopped
01:17:00 [INFO] Starting runtime.
01:17:00 [INFO] Runtime started
01:17:01 [INFO] Decrementing counter.
01:17:01 [INFO] Updating counter to: -3
01:17:01 [INFO] Decrementing counter.
01:17:01 [INFO] Updating counter to: -4
01:17:01 [INFO] Decrementing counter.
01:17:01 [INFO] Updating counter to: -5
01:17:02 [INFO] Incrementing counter.
01:17:02 [INFO] Updating counter to: -4
01:17:02 [INFO] Incrementing counter.
01:17:02 [INFO] Updating counter to: -3
01:17:03 [INFO] Resetting counter.
01:17:03 [INFO] Updating counter to: 0
